{"level":"error","message":"Mensaje de error","timestamp":"2025-06-04T23:27:15.105Z"}
{"level":"error","message":"Mensaje de error","timestamp":"2025-07-08T21:25:47.198Z"}

 - Fecha: Tue Jul 08 2025 19:13:58 GMT-0300 (hora estándar de Argentina) - {"name":"MissingPetFields","message":"Faltan campos obligatorios para registrar la mascota."}
 - Fecha: Tue Jul 08 2025 19:47:27 GMT-0300 (hora estándar de Argentina) - {"name":"SyntaxError","message":"Expected double-quoted property name in JSON at position 68 (line 5 column 1)"}
 - Fecha: Tue Jul 08 2025 19:57:06 GMT-0300 (hora estándar de Argentina) - {"name":"SyntaxError","message":"Expected double-quoted property name in JSON at position 68 (line 5 column 1)"}
 - Fecha: Tue Jul 08 2025 19:59:22 GMT-0300 (hora estándar de Argentina) - {"name":"MissingPetFields","message":"Faltan campos obligatorios para registrar la mascota."}
 - Fecha: Tue Jul 08 2025 20:45:53 GMT-0300 (hora estándar de Argentina) - {"name":"Error","message":"simulando error"}
 - Fecha: Tue Jul 08 2025 20:53:31 GMT-0300 (hora estándar de Argentina) - {"name":"CastError","message":"Cast to ObjectId failed for value \":pid\" (type string) at path \"_id\" for model \"Pets\""}
 - Fecha: Tue Jul 15 2025 20:24:49 GMT-0300 (hora estándar de Argentina) - {"name":"CastError","message":"Cast to ObjectId failed for value \":686d98bb54b9a36fe0bf92e1\" (type string) at path \"_id\" for model \"Pets\""}
 - Fecha: Tue Jul 15 2025 20:25:44 GMT-0300 (hora estándar de Argentina) - {"name":"CastError","message":"Cast to ObjectId failed for value \":686da25cb5acf4e815ed425b\" (type string) at path \"_id\" for model \"Pets\""}
 - Fecha: Tue Jul 15 2025 20:52:03 GMT-0300 (hora estándar de Argentina) - {"name":"PetNotFound","message":"Mascota no encontrada."}
 - Fecha: Tue Jul 15 2025 20:55:05 GMT-0300 (hora estándar de Argentina) - {"name":"PetNotFound","message":"Mascota no encontrada."}
 - Fecha: Tue Jul 15 2025 20:55:20 GMT-0300 (hora estándar de Argentina) - {"name":"PetNotFound","message":"Mascota no encontrada."}
 - Fecha: Wed Jul 16 2025 10:18:56 GMT-0300 (hora estándar de Argentina) - {"name":"MissingPetFields","message":"Faltan campos obligatorios para registrar la mascota."}
 - Fecha: Wed Jul 16 2025 10:18:56 GMT-0300 (hora estándar de Argentina) - {"name":"MissingPetFields","message":"Faltan campos obligatorios para registrar la mascota."}
 - Fecha: Wed Jul 16 2025 10:20:07 GMT-0300 (hora estándar de Argentina) - {"name":"MissingPetFields","message":"Faltan campos obligatorios para registrar la mascota."}
 - Fecha: Wed Jul 16 2025 10:20:07 GMT-0300 (hora estándar de Argentina) - {"name":"MissingPetFields","message":"Faltan campos obligatorios para registrar la mascota."}
 - Fecha: Wed Jul 16 2025 10:20:59 GMT-0300 (hora estándar de Argentina) - {"name":"MissingPetFields","message":"Faltan campos obligatorios para registrar la mascota."}
 - Fecha: Wed Jul 16 2025 10:22:39 GMT-0300 (hora estándar de Argentina) - {"name":"MissingPetFields","message":"Faltan campos obligatorios para registrar la mascota."}
 - Fecha: Wed Jul 16 2025 10:22:39 GMT-0300 (hora estándar de Argentina) - {"name":"MissingPetFields","message":"Faltan campos obligatorios para registrar la mascota."}
 - Fecha: Wed Jul 16 2025 10:23:22 GMT-0300 (hora estándar de Argentina) - {"name":"MissingPetFields","message":"Faltan campos obligatorios para registrar la mascota."}
 - Fecha: Wed Jul 16 2025 10:23:22 GMT-0300 (hora estándar de Argentina) - {"name":"MissingPetFields","message":"Faltan campos obligatorios para registrar la mascota."}
 - Fecha: Wed Jul 16 2025 10:23:55 GMT-0300 (hora estándar de Argentina) - {"name":"MissingPetFields","message":"Faltan campos obligatorios para registrar la mascota."}
 - Fecha: Wed Jul 16 2025 10:23:55 GMT-0300 (hora estándar de Argentina) - {"name":"MissingPetFields","message":"Faltan campos obligatorios para registrar la mascota."}
 - Fecha: Wed Jul 16 2025 10:24:36 GMT-0300 (hora estándar de Argentina) - {"name":"MissingPetFields","message":"Faltan campos obligatorios para registrar la mascota."}
 - Fecha: Wed Jul 16 2025 10:24:36 GMT-0300 (hora estándar de Argentina) - {"name":"MissingPetFields","message":"Faltan campos obligatorios para registrar la mascota."}
 - Fecha: Wed Jul 16 2025 10:27:43 GMT-0300 (hora estándar de Argentina) - {"name":"MissingPetFields","message":"Faltan campos obligatorios para registrar la mascota."}
 - Fecha: Wed Jul 16 2025 10:27:43 GMT-0300 (hora estándar de Argentina) - {"name":"MissingPetFields","message":"Faltan campos obligatorios para registrar la mascota."}
 - Fecha: Wed Jul 16 2025 10:33:44 GMT-0300 (hora estándar de Argentina) - {"name":"MissingPetFields","message":"Faltan campos obligatorios para registrar la mascota."}
 - Fecha: Wed Jul 16 2025 10:33:44 GMT-0300 (hora estándar de Argentina) - {"name":"MissingPetFields","message":"Faltan campos obligatorios para registrar la mascota."}
 - Fecha: Wed Jul 16 2025 10:38:19 GMT-0300 (hora estándar de Argentina) - {"name":"MissingPetFields","message":"Faltan campos obligatorios para registrar la mascota."}
 - Fecha: Wed Jul 16 2025 10:38:19 GMT-0300 (hora estándar de Argentina) - {"name":"MissingPetFields","message":"Faltan campos obligatorios para registrar la mascota."}
 - Fecha: Wed Jul 16 2025 10:38:37 GMT-0300 (hora estándar de Argentina) - {"name":"MissingPetFields","message":"Faltan campos obligatorios para registrar la mascota."}
 - Fecha: Wed Jul 16 2025 10:38:37 GMT-0300 (hora estándar de Argentina) - {"name":"MissingPetFields","message":"Faltan campos obligatorios para registrar la mascota."}
 - Fecha: Wed Jul 16 2025 10:39:50 GMT-0300 (hora estándar de Argentina) - {"name":"MissingPetFields","message":"Faltan campos obligatorios para registrar la mascota."}
 - Fecha: Wed Jul 16 2025 10:39:50 GMT-0300 (hora estándar de Argentina) - {"name":"MissingPetFields","message":"Faltan campos obligatorios para registrar la mascota."}
 - Fecha: Wed Jul 16 2025 10:41:34 GMT-0300 (hora estándar de Argentina) - {"name":"MissingPetFields","message":"Faltan campos obligatorios para registrar la mascota."}
 - Fecha: Wed Jul 16 2025 10:41:34 GMT-0300 (hora estándar de Argentina) - {"name":"MissingPetFields","message":"Faltan campos obligatorios para registrar la mascota."}
 - Fecha: Wed Jul 16 2025 10:51:08 GMT-0300 (hora estándar de Argentina) - {"name":"MissingPetFields","message":"Faltan campos obligatorios para registrar la mascota."}
 - Fecha: Wed Jul 16 2025 10:51:08 GMT-0300 (hora estándar de Argentina) - {"name":"MissingPetFields","message":"Faltan campos obligatorios para registrar la mascota."}
 - Fecha: Wed Jul 16 2025 10:51:52 GMT-0300 (hora estándar de Argentina) - {"name":"MissingPetFields","message":"Faltan campos obligatorios para registrar la mascota."}
 - Fecha: Wed Jul 16 2025 10:51:52 GMT-0300 (hora estándar de Argentina) - {"name":"MissingPetFields","message":"Faltan campos obligatorios para registrar la mascota."}
 - Fecha: Thu Jul 17 2025 14:25:45 GMT-0300 (hora estándar de Argentina) - {"name":"MissingPetFields","message":"Faltan campos obligatorios para registrar la mascota."}
 - Fecha: Thu Jul 17 2025 14:25:45 GMT-0300 (hora estándar de Argentina) - {"name":"MissingPetFields","message":"Faltan campos obligatorios para registrar la mascota."}
 - Fecha: Thu Jul 17 2025 14:26:04 GMT-0300 (hora estándar de Argentina) - {"name":"MissingPetFields","message":"Faltan campos obligatorios para registrar la mascota."}
 - Fecha: Thu Jul 17 2025 14:26:04 GMT-0300 (hora estándar de Argentina) - {"name":"MissingPetFields","message":"Faltan campos obligatorios para registrar la mascota."}
 - Fecha: Thu Jul 17 2025 14:26:34 GMT-0300 (hora estándar de Argentina) - {"name":"MissingPetFields","message":"Faltan campos obligatorios para registrar la mascota."}
 - Fecha: Thu Jul 17 2025 14:26:34 GMT-0300 (hora estándar de Argentina) - {"name":"MissingPetFields","message":"Faltan campos obligatorios para registrar la mascota."}
 - Fecha: Thu Jul 17 2025 14:36:10 GMT-0300 (hora estándar de Argentina) - {"name":"MissingPetFields","message":"Faltan campos obligatorios para registrar la mascota."}
 - Fecha: Thu Jul 17 2025 14:36:10 GMT-0300 (hora estándar de Argentina) - {"name":"MissingPetFields","message":"Faltan campos obligatorios para registrar la mascota."}
 - Fecha: Thu Jul 17 2025 14:48:37 GMT-0300 (hora estándar de Argentina) - {"name":"MissingPetFields","message":"Faltan campos obligatorios para registrar la mascota."}
 - Fecha: Thu Jul 17 2025 14:48:37 GMT-0300 (hora estándar de Argentina) - {"name":"MissingPetFields","message":"Faltan campos obligatorios para registrar la mascota."}
 - Fecha: Thu Jul 17 2025 14:59:15 GMT-0300 (hora estándar de Argentina) - {"name":"MissingPetFields","message":"Faltan campos obligatorios para registrar la mascota."}
 - Fecha: Thu Jul 17 2025 14:59:15 GMT-0300 (hora estándar de Argentina) - {"name":"MissingPetFields","message":"Faltan campos obligatorios para registrar la mascota."}
 - Fecha: Thu Jul 17 2025 15:03:06 GMT-0300 (hora estándar de Argentina) - {"name":"MissingPetFields","message":"Faltan campos obligatorios para registrar la mascota."}
 - Fecha: Thu Jul 17 2025 15:03:06 GMT-0300 (hora estándar de Argentina) - {"name":"MissingPetFields","message":"Faltan campos obligatorios para registrar la mascota."}
 - Fecha: Thu Jul 17 2025 15:03:35 GMT-0300 (hora estándar de Argentina) - {"name":"MissingPetFields","message":"Faltan campos obligatorios para registrar la mascota."}
 - Fecha: Thu Jul 17 2025 15:03:35 GMT-0300 (hora estándar de Argentina) - {"name":"MissingPetFields","message":"Faltan campos obligatorios para registrar la mascota."}
 - Fecha: Thu Jul 17 2025 15:04:45 GMT-0300 (hora estándar de Argentina) - {"name":"MissingPetFields","message":"Faltan campos obligatorios para registrar la mascota."}
 - Fecha: Thu Jul 17 2025 15:04:45 GMT-0300 (hora estándar de Argentina) - {"name":"MissingPetFields","message":"Faltan campos obligatorios para registrar la mascota."}
 - Fecha: Thu Jul 17 2025 15:28:11 GMT-0300 (hora estándar de Argentina) - {"name":"MissingPetFields","message":"Faltan campos obligatorios para registrar la mascota."}
 - Fecha: Thu Jul 17 2025 15:28:11 GMT-0300 (hora estándar de Argentina) - {"name":"MissingPetFields","message":"Faltan campos obligatorios para registrar la mascota."}
 - Fecha: Thu Jul 17 2025 15:34:46 GMT-0300 (hora estándar de Argentina) - {"name":"MissingPetFields","message":"Faltan campos obligatorios para registrar la mascota."}
 - Fecha: Thu Jul 17 2025 15:34:46 GMT-0300 (hora estándar de Argentina) - {"name":"MissingPetFields","message":"Faltan campos obligatorios para registrar la mascota."}
 - Fecha: Thu Jul 17 2025 15:38:51 GMT-0300 (hora estándar de Argentina) - {"name":"MissingPetFields","message":"Faltan campos obligatorios para registrar la mascota."}
 - Fecha: Thu Jul 17 2025 15:38:51 GMT-0300 (hora estándar de Argentina) - {"name":"MissingPetFields","message":"Faltan campos obligatorios para registrar la mascota."}
 - Fecha: Thu Jul 17 2025 15:45:08 GMT-0300 (hora estándar de Argentina) - {"name":"MissingPetFields","message":"Faltan campos obligatorios para registrar la mascota."}

 - Fecha: Thu Jul 17 2025 15:53:57 GMT-0300 (hora estándar de Argentina) - {"name":"MissingPetFields","message":"Faltan campos obligatorios para registrar la mascota."}
 - Fecha: Thu Jul 17 2025 15:53:57 GMT-0300 (hora estándar de Argentina) - {"name":"MissingPetFields","message":"Faltan campos obligatorios para registrar la mascota."}
 - Fecha: Thu Jul 17 2025 15:56:54 GMT-0300 (hora estándar de Argentina) - {"name":"MissingPetFields","message":"Faltan campos obligatorios para registrar la mascota."}
 - Fecha: Thu Jul 17 2025 15:56:54 GMT-0300 (hora estándar de Argentina) - {"name":"MissingPetFields","message":"Faltan campos obligatorios para registrar la mascota."}
 - Fecha: Thu Jul 17 2025 16:05:09 GMT-0300 (hora estándar de Argentina) - {"name":"MissingPetFields","message":"Faltan campos obligatorios para registrar la mascota."}
 - Fecha: Thu Jul 17 2025 16:05:09 GMT-0300 (hora estándar de Argentina) - {"name":"MissingPetFields","message":"Faltan campos obligatorios para registrar la mascota."}
 - Fecha: Thu Jul 17 2025 16:06:52 GMT-0300 (hora estándar de Argentina) - {"name":"MissingPetFields","message":"Faltan campos obligatorios para registrar la mascota."}
 - Fecha: Thu Jul 17 2025 16:06:52 GMT-0300 (hora estándar de Argentina) - {"name":"MissingPetFields","message":"Faltan campos obligatorios para registrar la mascota."}
 - Fecha: Thu Jul 17 2025 16:10:17 GMT-0300 (hora estándar de Argentina) - {"name":"MissingPetFields","message":"Faltan campos obligatorios para registrar la mascota."}
 - Fecha: Thu Jul 17 2025 16:10:17 GMT-0300 (hora estándar de Argentina) - {"name":"MissingPetFields","message":"Faltan campos obligatorios para registrar la mascota."}
 - Fecha: Thu Jul 17 2025 16:13:17 GMT-0300 (hora estándar de Argentina) - {"name":"MissingPetFields","message":"Faltan campos obligatorios para registrar la mascota."}
 - Fecha: Thu Jul 17 2025 16:13:17 GMT-0300 (hora estándar de Argentina) - {"name":"MissingPetFields","message":"Faltan campos obligatorios para registrar la mascota."}
 - Fecha: Thu Jul 17 2025 16:16:11 GMT-0300 (hora estándar de Argentina) - {"name":"MissingPetFields","message":"Faltan campos obligatorios para registrar la mascota."}
 - Fecha: Thu Jul 17 2025 16:16:11 GMT-0300 (hora estándar de Argentina) - {"name":"MissingPetFields","message":"Faltan campos obligatorios para registrar la mascota."}
 - Fecha: Thu Jul 17 2025 16:17:05 GMT-0300 (hora estándar de Argentina) - {"name":"MissingPetFields","message":"Faltan campos obligatorios para registrar la mascota."}
 - Fecha: Thu Jul 17 2025 16:17:05 GMT-0300 (hora estándar de Argentina) - {"name":"MissingPetFields","message":"Faltan campos obligatorios para registrar la mascota."}
 - Fecha: Thu Jul 17 2025 16:17:40 GMT-0300 (hora estándar de Argentina) - {"name":"MissingPetFields","message":"Faltan campos obligatorios para registrar la mascota."}
 - Fecha: Thu Jul 17 2025 16:17:40 GMT-0300 (hora estándar de Argentina) - {"name":"MissingPetFields","message":"Faltan campos obligatorios para registrar la mascota."}
 - Fecha: Thu Jul 17 2025 16:18:01 GMT-0300 (hora estándar de Argentina) - {"name":"MissingPetFields","message":"Faltan campos obligatorios para registrar la mascota."}
 - Fecha: Thu Jul 17 2025 16:18:01 GMT-0300 (hora estándar de Argentina) - {"name":"MissingPetFields","message":"Faltan campos obligatorios para registrar la mascota."}
 - Fecha: Thu Jul 17 2025 16:21:35 GMT-0300 (hora estándar de Argentina) - {"name":"MissingPetFields","message":"Faltan campos obligatorios para registrar la mascota."}
 - Fecha: Thu Jul 17 2025 16:21:35 GMT-0300 (hora estándar de Argentina) - {"name":"MissingPetFields","message":"Faltan campos obligatorios para registrar la mascota."}
 - Fecha: Thu Jul 17 2025 16:22:11 GMT-0300 (hora estándar de Argentina) - {"name":"MissingPetFields","message":"Faltan campos obligatorios para registrar la mascota."}
 - Fecha: Thu Jul 17 2025 16:22:11 GMT-0300 (hora estándar de Argentina) - {"name":"MissingPetFields","message":"Faltan campos obligatorios para registrar la mascota."}
 - Fecha: Thu Jul 17 2025 16:23:12 GMT-0300 (hora estándar de Argentina) - {"name":"MissingPetFields","message":"Faltan campos obligatorios para registrar la mascota."}
 - Fecha: Thu Jul 17 2025 16:23:12 GMT-0300 (hora estándar de Argentina) - {"name":"MissingPetFields","message":"Faltan campos obligatorios para registrar la mascota."}
 - Fecha: Thu Jul 17 2025 16:24:40 GMT-0300 (hora estándar de Argentina) - {"name":"MissingPetFields","message":"Faltan campos obligatorios para registrar la mascota."}
 - Fecha: Thu Jul 17 2025 16:24:40 GMT-0300 (hora estándar de Argentina) - {"name":"MissingPetFields","message":"Faltan campos obligatorios para registrar la mascota."}
 - Fecha: Thu Jul 17 2025 16:28:36 GMT-0300 (hora estándar de Argentina) - {"name":"MissingPetFields","message":"Faltan campos obligatorios para registrar la mascota."}
 - Fecha: Thu Jul 17 2025 16:28:36 GMT-0300 (hora estándar de Argentina) - {"name":"MissingPetFields","message":"Faltan campos obligatorios para registrar la mascota."}
 - Fecha: Thu Jul 17 2025 16:29:41 GMT-0300 (hora estándar de Argentina) - {"name":"MissingPetFields","message":"Faltan campos obligatorios para registrar la mascota."}
 - Fecha: Thu Jul 17 2025 16:29:41 GMT-0300 (hora estándar de Argentina) - {"name":"MissingPetFields","message":"Faltan campos obligatorios para registrar la mascota."}
 - Fecha: Thu Jul 17 2025 16:36:21 GMT-0300 (hora estándar de Argentina) - {"name":"MissingPetFields","message":"Faltan campos obligatorios para registrar la mascota."}
 - Fecha: Thu Jul 17 2025 16:36:21 GMT-0300 (hora estándar de Argentina) - {"name":"MissingPetFields","message":"Faltan campos obligatorios para registrar la mascota."}
 - Fecha: Thu Jul 17 2025 16:39:24 GMT-0300 (hora estándar de Argentina) - {"name":"MissingPetFields","message":"Faltan campos obligatorios para registrar la mascota."}
 - Fecha: Thu Jul 17 2025 16:39:24 GMT-0300 (hora estándar de Argentina) - {"name":"MissingPetFields","message":"Faltan campos obligatorios para registrar la mascota."}
 - Fecha: Thu Jul 17 2025 16:40:28 GMT-0300 (hora estándar de Argentina) - {"name":"MissingPetFields","message":"Faltan campos obligatorios para registrar la mascota."}
 - Fecha: Thu Jul 17 2025 16:40:28 GMT-0300 (hora estándar de Argentina) - {"name":"MissingPetFields","message":"Faltan campos obligatorios para registrar la mascota."}
 - Fecha: Thu Jul 17 2025 16:42:00 GMT-0300 (hora estándar de Argentina) - {"name":"MissingPetFields","message":"Faltan campos obligatorios para registrar la mascota."}
 - Fecha: Thu Jul 17 2025 16:42:00 GMT-0300 (hora estándar de Argentina) - {"name":"MissingPetFields","message":"Faltan campos obligatorios para registrar la mascota."}
 - Fecha: Thu Jul 17 2025 16:43:43 GMT-0300 (hora estándar de Argentina) - {"name":"MissingPetFields","message":"Faltan campos obligatorios para registrar la mascota."}
 - Fecha: Thu Jul 17 2025 16:43:43 GMT-0300 (hora estándar de Argentina) - {"name":"MissingPetFields","message":"Faltan campos obligatorios para registrar la mascota."}
 - Fecha: Thu Jul 17 2025 16:53:27 GMT-0300 (hora estándar de Argentina) - {"name":"MissingPetFields","message":"Faltan campos obligatorios para registrar la mascota."}
 - Fecha: Thu Jul 17 2025 16:53:27 GMT-0300 (hora estándar de Argentina) - {"name":"MissingPetFields","message":"Faltan campos obligatorios para registrar la mascota."}
 - Fecha: Thu Jul 17 2025 16:57:31 GMT-0300 (hora estándar de Argentina) - {"name":"MissingPetFields","message":"Faltan campos obligatorios para registrar la mascota."}
 - Fecha: Thu Jul 17 2025 16:57:31 GMT-0300 (hora estándar de Argentina) - {"name":"MissingPetFields","message":"Faltan campos obligatorios para registrar la mascota."}
 - Fecha: Thu Jul 17 2025 16:59:57 GMT-0300 (hora estándar de Argentina) - {"name":"MissingPetFields","message":"Faltan campos obligatorios para registrar la mascota."}
 - Fecha: Thu Jul 17 2025 16:59:57 GMT-0300 (hora estándar de Argentina) - {"name":"MissingPetFields","message":"Faltan campos obligatorios para registrar la mascota."}
 - Fecha: Thu Jul 17 2025 17:00:32 GMT-0300 (hora estándar de Argentina) - {"name":"MissingPetFields","message":"Faltan campos obligatorios para registrar la mascota."}
 - Fecha: Thu Jul 17 2025 17:00:32 GMT-0300 (hora estándar de Argentina) - {"name":"MissingPetFields","message":"Faltan campos obligatorios para registrar la mascota."}
 - Fecha: Thu Jul 17 2025 17:00:58 GMT-0300 (hora estándar de Argentina) - {"name":"MissingPetFields","message":"Faltan campos obligatorios para registrar la mascota."}
 - Fecha: Thu Jul 17 2025 17:00:58 GMT-0300 (hora estándar de Argentina) - {"name":"MissingPetFields","message":"Faltan campos obligatorios para registrar la mascota."}
 - Fecha: Thu Jul 17 2025 17:02:08 GMT-0300 (hora estándar de Argentina) - {"name":"MissingPetFields","message":"Faltan campos obligatorios para registrar la mascota."}
 - Fecha: Thu Jul 17 2025 17:02:08 GMT-0300 (hora estándar de Argentina) - {"name":"MissingPetFields","message":"Faltan campos obligatorios para registrar la mascota."}
 - Fecha: Thu Jul 17 2025 17:02:39 GMT-0300 (hora estándar de Argentina) - {"name":"MissingPetFields","message":"Faltan campos obligatorios para registrar la mascota."}
 - Fecha: Thu Jul 17 2025 17:02:39 GMT-0300 (hora estándar de Argentina) - {"name":"MissingPetFields","message":"Faltan campos obligatorios para registrar la mascota."}
 - Fecha: Thu Jul 17 2025 17:05:28 GMT-0300 (hora estándar de Argentina) - {"name":"MissingPetFields","message":"Faltan campos obligatorios para registrar la mascota."}
 - Fecha: Thu Jul 17 2025 17:05:28 GMT-0300 (hora estándar de Argentina) - {"name":"MissingPetFields","message":"Faltan campos obligatorios para registrar la mascota."}
 - Fecha: Thu Jul 17 2025 17:07:08 GMT-0300 (hora estándar de Argentina) - {"name":"MissingPetFields","message":"Faltan campos obligatorios para registrar la mascota."}
 - Fecha: Thu Jul 17 2025 17:07:08 GMT-0300 (hora estándar de Argentina) - {"name":"MissingPetFields","message":"Faltan campos obligatorios para registrar la mascota."}
 - Fecha: Thu Jul 17 2025 17:13:48 GMT-0300 (hora estándar de Argentina) - {"name":"MissingPetFields","message":"Faltan campos obligatorios para registrar la mascota."}
 - Fecha: Thu Jul 17 2025 17:13:48 GMT-0300 (hora estándar de Argentina) - {"name":"MissingPetFields","message":"Faltan campos obligatorios para registrar la mascota."}
 - Fecha: Thu Jul 17 2025 17:14:01 GMT-0300 (hora estándar de Argentina) - {"name":"MissingPetFields","message":"Faltan campos obligatorios para registrar la mascota."}
 - Fecha: Thu Jul 17 2025 17:14:01 GMT-0300 (hora estándar de Argentina) - {"name":"MissingPetFields","message":"Faltan campos obligatorios para registrar la mascota."}
 - Fecha: Thu Jul 17 2025 17:15:47 GMT-0300 (hora estándar de Argentina) - {"name":"MissingPetFields","message":"Faltan campos obligatorios para registrar la mascota."}
 - Fecha: Thu Jul 17 2025 17:15:47 GMT-0300 (hora estándar de Argentina) - {"name":"MissingPetFields","message":"Faltan campos obligatorios para registrar la mascota."}
 - Fecha: Thu Jul 17 2025 17:15:58 GMT-0300 (hora estándar de Argentina) - {"name":"MissingPetFields","message":"Faltan campos obligatorios para registrar la mascota."}
 - Fecha: Thu Jul 17 2025 17:15:58 GMT-0300 (hora estándar de Argentina) - {"name":"MissingPetFields","message":"Faltan campos obligatorios para registrar la mascota."}
 - Fecha: Thu Jul 17 2025 17:18:44 GMT-0300 (hora estándar de Argentina) - {"name":"MissingPetFields","message":"Faltan campos obligatorios para registrar la mascota."}
 - Fecha: Thu Jul 17 2025 17:18:44 GMT-0300 (hora estándar de Argentina) - {"name":"MissingPetFields","message":"Faltan campos obligatorios para registrar la mascota."}
 - Fecha: Thu Jul 17 2025 17:24:42 GMT-0300 (hora estándar de Argentina) - {"name":"MissingPetFields","message":"Faltan campos obligatorios para registrar la mascota."}
 - Fecha: Thu Jul 17 2025 17:24:42 GMT-0300 (hora estándar de Argentina) - {"name":"MissingPetFields","message":"Faltan campos obligatorios para registrar la mascota."}
 - Fecha: Thu Jul 17 2025 17:32:51 GMT-0300 (hora estándar de Argentina) - {"name":"MissingPetFields","message":"Faltan campos obligatorios para registrar la mascota."}
 - Fecha: Thu Jul 17 2025 17:32:51 GMT-0300 (hora estándar de Argentina) - {"name":"MissingPetFields","message":"Faltan campos obligatorios para registrar la mascota."}
 - Fecha: Thu Jul 17 2025 17:34:44 GMT-0300 (hora estándar de Argentina) - {"name":"MissingPetFields","message":"Faltan campos obligatorios para registrar la mascota."}
 - Fecha: Thu Jul 17 2025 17:34:44 GMT-0300 (hora estándar de Argentina) - {"name":"MissingPetFields","message":"Faltan campos obligatorios para registrar la mascota."}
 - Fecha: Thu Jul 17 2025 17:39:10 GMT-0300 (hora estándar de Argentina) - {"name":"MissingPetFields","message":"Faltan campos obligatorios para registrar la mascota."}
 - Fecha: Thu Jul 17 2025 17:39:10 GMT-0300 (hora estándar de Argentina) - {"name":"MissingPetFields","message":"Faltan campos obligatorios para registrar la mascota."}
 - Fecha: Thu Jul 17 2025 17:43:18 GMT-0300 (hora estándar de Argentina) - {"name":"MissingPetFields","message":"Faltan campos obligatorios para registrar la mascota."}
 - Fecha: Thu Jul 17 2025 17:43:18 GMT-0300 (hora estándar de Argentina) - {"name":"MissingPetFields","message":"Faltan campos obligatorios para registrar la mascota."}
 - Fecha: Thu Jul 17 2025 17:45:22 GMT-0300 (hora estándar de Argentina) - {"name":"MissingPetFields","message":"Faltan campos obligatorios para registrar la mascota."}
 - Fecha: Thu Jul 17 2025 17:45:22 GMT-0300 (hora estándar de Argentina) - {"name":"MissingPetFields","message":"Faltan campos obligatorios para registrar la mascota."}
 - Fecha: Thu Jul 17 2025 17:47:00 GMT-0300 (hora estándar de Argentina) - {"name":"MissingPetFields","message":"Faltan campos obligatorios para registrar la mascota."}
 - Fecha: Thu Jul 17 2025 17:47:00 GMT-0300 (hora estándar de Argentina) - {"name":"MissingPetFields","message":"Faltan campos obligatorios para registrar la mascota."}
 - Fecha: Thu Jul 17 2025 17:49:19 GMT-0300 (hora estándar de Argentina) - {"name":"MissingPetFields","message":"Faltan campos obligatorios para registrar la mascota."}
 - Fecha: Thu Jul 17 2025 17:49:19 GMT-0300 (hora estándar de Argentina) - {"name":"MissingPetFields","message":"Faltan campos obligatorios para registrar la mascota."}
 - Fecha: Thu Jul 17 2025 17:53:14 GMT-0300 (hora estándar de Argentina) - {"name":"MissingPetFields","message":"Faltan campos obligatorios para registrar la mascota."}
 - Fecha: Thu Jul 17 2025 17:53:14 GMT-0300 (hora estándar de Argentina) - {"name":"MissingPetFields","message":"Faltan campos obligatorios para registrar la mascota."}
 - Fecha: Thu Jul 17 2025 17:59:54 GMT-0300 (hora estándar de Argentina) - {"name":"MissingPetFields","message":"Faltan campos obligatorios para registrar la mascota."}
 - Fecha: Thu Jul 17 2025 17:59:54 GMT-0300 (hora estándar de Argentina) - {"name":"MissingPetFields","message":"Faltan campos obligatorios para registrar la mascota."}
 - Fecha: Thu Jul 17 2025 18:00:32 GMT-0300 (hora estándar de Argentina) - {"name":"MissingPetFields","message":"Faltan campos obligatorios para registrar la mascota."}
 - Fecha: Thu Jul 17 2025 18:00:32 GMT-0300 (hora estándar de Argentina) - {"name":"MissingPetFields","message":"Faltan campos obligatorios para registrar la mascota."}
 - Fecha: Thu Jul 17 2025 18:01:17 GMT-0300 (hora estándar de Argentina) - {"name":"MissingPetFields","message":"Faltan campos obligatorios para registrar la mascota."}
 - Fecha: Thu Jul 17 2025 18:01:17 GMT-0300 (hora estándar de Argentina) - {"name":"MissingPetFields","message":"Faltan campos obligatorios para registrar la mascota."}
 - Fecha: Thu Jul 17 2025 18:01:55 GMT-0300 (hora estándar de Argentina) - {"name":"MissingPetFields","message":"Faltan campos obligatorios para registrar la mascota."}
 - Fecha: Thu Jul 17 2025 18:01:55 GMT-0300 (hora estándar de Argentina) - {"name":"MissingPetFields","message":"Faltan campos obligatorios para registrar la mascota."}
 - Fecha: Thu Jul 17 2025 18:07:25 GMT-0300 (hora estándar de Argentina) - {"name":"MissingPetFields","message":"Faltan campos obligatorios para registrar la mascota."}
 - Fecha: Thu Jul 17 2025 18:07:25 GMT-0300 (hora estándar de Argentina) - {"name":"MissingPetFields","message":"Faltan campos obligatorios para registrar la mascota."}
 - Fecha: Thu Jul 17 2025 18:09:57 GMT-0300 (hora estándar de Argentina) - {"name":"MissingPetFields","message":"Faltan campos obligatorios para registrar la mascota."}
 - Fecha: Thu Jul 17 2025 18:09:57 GMT-0300 (hora estándar de Argentina) - {"name":"MissingPetFields","message":"Faltan campos obligatorios para registrar la mascota."}
 - Fecha: Thu Jul 17 2025 18:18:25 GMT-0300 (hora estándar de Argentina) - {"name":"MissingPetFields","message":"Faltan campos obligatorios para registrar la mascota."}
 - Fecha: Thu Jul 17 2025 18:18:25 GMT-0300 (hora estándar de Argentina) - {"name":"MissingPetFields","message":"Faltan campos obligatorios para registrar la mascota."}
 - Fecha: Thu Jul 17 2025 18:19:02 GMT-0300 (hora estándar de Argentina) - {"name":"MissingPetFields","message":"Faltan campos obligatorios para registrar la mascota."}
 - Fecha: Thu Jul 17 2025 18:19:02 GMT-0300 (hora estándar de Argentina) - {"name":"MissingPetFields","message":"Faltan campos obligatorios para registrar la mascota."}
 - Fecha: Thu Jul 17 2025 18:19:54 GMT-0300 (hora estándar de Argentina) - {"name":"MissingPetFields","message":"Faltan campos obligatorios para registrar la mascota."}
 - Fecha: Thu Jul 17 2025 18:19:54 GMT-0300 (hora estándar de Argentina) - {"name":"MissingPetFields","message":"Faltan campos obligatorios para registrar la mascota."}
 - Fecha: Thu Jul 17 2025 18:21:07 GMT-0300 (hora estándar de Argentina) - {"name":"MissingPetFields","message":"Faltan campos obligatorios para registrar la mascota."}
 - Fecha: Thu Jul 17 2025 18:21:07 GMT-0300 (hora estándar de Argentina) - {"name":"MissingPetFields","message":"Faltan campos obligatorios para registrar la mascota."}
 - Fecha: Thu Jul 17 2025 18:22:16 GMT-0300 (hora estándar de Argentina) - {"name":"MissingPetFields","message":"Faltan campos obligatorios para registrar la mascota."}
 - Fecha: Thu Jul 17 2025 18:22:16 GMT-0300 (hora estándar de Argentina) - {"name":"MissingPetFields","message":"Faltan campos obligatorios para registrar la mascota."}
 - Fecha: Thu Jul 17 2025 18:22:30 GMT-0300 (hora estándar de Argentina) - {"name":"MissingPetFields","message":"Faltan campos obligatorios para registrar la mascota."}
 - Fecha: Thu Jul 17 2025 18:22:30 GMT-0300 (hora estándar de Argentina) - {"name":"MissingPetFields","message":"Faltan campos obligatorios para registrar la mascota."}
 - Fecha: Thu Jul 17 2025 18:24:51 GMT-0300 (hora estándar de Argentina) - {"name":"MissingPetFields","message":"Faltan campos obligatorios para registrar la mascota."}
 - Fecha: Thu Jul 17 2025 18:24:51 GMT-0300 (hora estándar de Argentina) - {"name":"MissingPetFields","message":"Faltan campos obligatorios para registrar la mascota."}
 - Fecha: Thu Jul 17 2025 18:27:28 GMT-0300 (hora estándar de Argentina) - {"name":"MissingPetFields","message":"Faltan campos obligatorios para registrar la mascota."}
 - Fecha: Thu Jul 17 2025 18:27:28 GMT-0300 (hora estándar de Argentina) - {"name":"MissingPetFields","message":"Faltan campos obligatorios para registrar la mascota."}
 - Fecha: Thu Jul 17 2025 18:28:06 GMT-0300 (hora estándar de Argentina) - {"name":"MissingPetFields","message":"Faltan campos obligatorios para registrar la mascota."}
 - Fecha: Thu Jul 17 2025 18:28:06 GMT-0300 (hora estándar de Argentina) - {"name":"MissingPetFields","message":"Faltan campos obligatorios para registrar la mascota."}

 - Fecha: Thu Jul 17 2025 19:24:22 GMT-0300 (hora estándar de Argentina) - {"name":"MissingPetFields","message":"Faltan campos obligatorios para registrar la mascota."}
 - Fecha: Thu Jul 17 2025 19:24:22 GMT-0300 (hora estándar de Argentina) - {"name":"MissingPetFields","message":"Faltan campos obligatorios para registrar la mascota."}
 - Fecha: Thu Jul 17 2025 19:25:10 GMT-0300 (hora estándar de Argentina) - {"name":"MissingPetFields","message":"Faltan campos obligatorios para registrar la mascota."}
 - Fecha: Thu Jul 17 2025 19:25:10 GMT-0300 (hora estándar de Argentina) - {"name":"MissingPetFields","message":"Faltan campos obligatorios para registrar la mascota."}
 - Fecha: Thu Jul 17 2025 19:27:53 GMT-0300 (hora estándar de Argentina) - {"name":"MissingPetFields","message":"Faltan campos obligatorios para registrar la mascota."}
 - Fecha: Thu Jul 17 2025 19:27:53 GMT-0300 (hora estándar de Argentina) - {"name":"MissingPetFields","message":"Faltan campos obligatorios para registrar la mascota."}
 - Fecha: Thu Jul 17 2025 19:31:12 GMT-0300 (hora estándar de Argentina) - {"name":"MissingPetFields","message":"Faltan campos obligatorios para registrar la mascota."}
 - Fecha: Thu Jul 17 2025 19:31:12 GMT-0300 (hora estándar de Argentina) - {"name":"MissingPetFields","message":"Faltan campos obligatorios para registrar la mascota."}